{"level":"info","message":"Server running on port 3001","service":"leadenrich-api","timestamp":"2025-07-12 22:26:06"}
{"level":"info","message":"Environment: development","service":"leadenrich-api","timestamp":"2025-07-12 22:26:06"}
{"level":"info","message":"Server running on port 3001","service":"leadenrich-api","timestamp":"2025-07-12 22:55:00"}
{"level":"info","message":"Environment: development","service":"leadenrich-api","timestamp":"2025-07-12 22:55:00"}
{"level":"info","message":"Server running on port 3001","service":"leadenrich-api","timestamp":"2025-07-12 22:55:19"}
{"level":"info","message":"Environment: development","service":"leadenrich-api","timestamp":"2025-07-12 22:55:19"}
{"level":"info","message":"Server running on port 3001","service":"leadenrich-api","timestamp":"2025-07-12 22:55:39"}
{"level":"info","message":"Environment: development","service":"leadenrich-api","timestamp":"2025-07-12 22:55:39"}
{"level":"info","message":"Server running on port 3001","service":"leadenrich-api","timestamp":"2025-07-12 22:55:41"}
{"level":"info","message":"Environment: development","service":"leadenrich-api","timestamp":"2025-07-12 22:55:41"}
{"level":"info","message":"Server running on port 3001","service":"leadenrich-api","timestamp":"2025-07-12 22:56:11"}
{"level":"info","message":"Environment: development","service":"leadenrich-api","timestamp":"2025-07-12 22:56:11"}
{"level":"info","message":"Server running on port 3001","service":"leadenrich-api","timestamp":"2025-07-12 22:56:16"}
{"level":"info","message":"Environment: development","service":"leadenrich-api","timestamp":"2025-07-12 22:56:16"}
{"level":"info","message":"Server running on port 3001","service":"leadenrich-api","timestamp":"2025-07-12 22:56:21"}
{"level":"info","message":"Environment: development","service":"leadenrich-api","timestamp":"2025-07-12 22:56:21"}
{"level":"info","message":"Server running on port 3001","service":"leadenrich-api","timestamp":"2025-07-12 23:01:04"}
{"level":"info","message":"Environment: development","service":"leadenrich-api","timestamp":"2025-07-12 23:01:04"}
{"level":"info","message":"Server running on port 3001","service":"leadenrich-api","timestamp":"2025-07-12 23:04:01"}
{"level":"info","message":"Environment: development","service":"leadenrich-api","timestamp":"2025-07-12 23:04:01"}
{"level":"info","message":"Server running on port 3001","service":"leadenrich-api","timestamp":"2025-07-12 23:04:08"}
{"level":"info","message":"Environment: development","service":"leadenrich-api","timestamp":"2025-07-12 23:04:08"}
{"level":"info","message":"Server running on port 3001","service":"leadenrich-api","timestamp":"2025-07-12 23:04:22"}
{"level":"info","message":"Environment: development","service":"leadenrich-api","timestamp":"2025-07-12 23:04:22"}
{"level":"info","message":"Server running on port 3001","service":"leadenrich-api","timestamp":"2025-07-12 23:13:09"}
{"level":"info","message":"Environment: development","service":"leadenrich-api","timestamp":"2025-07-12 23:13:09"}
{"level":"info","message":"Server running on port 3001","service":"leadenrich-api","timestamp":"2025-07-13 00:06:55"}
{"level":"info","message":"Environment: development","service":"leadenrich-api","timestamp":"2025-07-13 00:06:55"}
{"level":"info","message":"Server running on port 3001","service":"leadenrich-api","timestamp":"2025-07-13 00:07:47"}
{"level":"info","message":"Environment: development","service":"leadenrich-api","timestamp":"2025-07-13 00:07:47"}
{"level":"info","message":"Server running on port 3001","service":"leadenrich-api","timestamp":"2025-07-13 00:07:53"}
{"level":"info","message":"Environment: development","service":"leadenrich-api","timestamp":"2025-07-13 00:07:53"}
{"level":"info","message":"✅ Enrichment worker started","service":"leadenrich-api","timestamp":"2025-07-13 07:06:42"}
{"level":"info","message":"🚀 LeadEnrich Pro API server running on port 3001","service":"leadenrich-api","timestamp":"2025-07-13 07:06:42"}
{"level":"info","message":"📖 Environment: development","service":"leadenrich-api","timestamp":"2025-07-13 07:06:42"}
{"level":"info","message":"🌐 API URL: http://localhost:3001","service":"leadenrich-api","timestamp":"2025-07-13 07:06:42"}
{"ip":"::1","level":"info","message":"GET /health","service":"leadenrich-api","timestamp":"2025-07-13 07:07:40","userAgent":"Mozilla/5.0 (Windows NT; Windows NT 10.0; en-US) WindowsPowerShell/5.1.19041.6093"}
{"ip":"::1","level":"info","message":"GET /api/providers","service":"leadenrich-api","timestamp":"2025-07-13 07:08:17","userAgent":"Mozilla/5.0 (Windows NT; Windows NT 10.0; en-US) WindowsPowerShell/5.1.19041.6093"}
{"ip":"::1","level":"info","message":"GET /api/providers","service":"leadenrich-api","timestamp":"2025-07-13 07:08:38","userAgent":"Mozilla/5.0 (Windows NT 10.0; Win64; x64) AppleWebKit/537.36 (KHTML, like Gecko) Chrome/138.0.0.0 Safari/537.36"}
{"ip":"::1","level":"info","message":"GET /favicon.ico","service":"leadenrich-api","timestamp":"2025-07-13 07:08:39","userAgent":"Mozilla/5.0 (Windows NT 10.0; Win64; x64) AppleWebKit/537.36 (KHTML, like Gecko) Chrome/138.0.0.0 Safari/537.36"}
{"ip":"::1","level":"info","message":"GET /","service":"leadenrich-api","timestamp":"2025-07-13 07:08:44","userAgent":"Mozilla/5.0 (Windows NT 10.0; Win64; x64) AppleWebKit/537.36 (KHTML, like Gecko) Chrome/138.0.0.0 Safari/537.36"}
{"level":"info","message":"✅ Enrichment worker started","service":"leadenrich-api","timestamp":"2025-07-13 07:10:03"}
{"level":"info","message":"🚀 LeadEnrich Pro API server running on port 3001","service":"leadenrich-api","timestamp":"2025-07-13 07:10:03"}
{"level":"info","message":"📖 Environment: development","service":"leadenrich-api","timestamp":"2025-07-13 07:10:03"}
{"level":"info","message":"🌐 API URL: http://localhost:3001","service":"leadenrich-api","timestamp":"2025-07-13 07:10:03"}
{"level":"info","message":"SIGINT received: closing HTTP server","service":"leadenrich-api","timestamp":"2025-07-13 07:10:09"}
{"level":"info","message":"✅ Enrichment worker started","service":"leadenrich-api","timestamp":"2025-07-13 07:10:14"}
{"level":"info","message":"🚀 LeadEnrich Pro API server running on port 3001","service":"leadenrich-api","timestamp":"2025-07-13 07:10:14"}
{"level":"info","message":"📖 Environment: development","service":"leadenrich-api","timestamp":"2025-07-13 07:10:14"}
{"level":"info","message":"🌐 API URL: http://localhost:3001","service":"leadenrich-api","timestamp":"2025-07-13 07:10:14"}
{"level":"info","message":"SIGINT received: closing HTTP server","service":"leadenrich-api","timestamp":"2025-07-13 07:11:21"}
{"level":"info","message":"✅ Enrichment worker started","service":"leadenrich-api","timestamp":"2025-07-13 07:11:50"}
{"level":"info","message":"🚀 LeadEnrich Pro API server running on port 3001","service":"leadenrich-api","timestamp":"2025-07-13 07:11:50"}
{"level":"info","message":"📖 Environment: development","service":"leadenrich-api","timestamp":"2025-07-13 07:11:50"}
{"level":"info","message":"🌐 API URL: http://localhost:3001","service":"leadenrich-api","timestamp":"2025-07-13 07:11:50"}
{"level":"info","message":"SIGINT received: closing HTTP server","service":"leadenrich-api","timestamp":"2025-07-13 07:13:39"}
{"level":"info","message":"✅ Enrichment worker started","service":"leadenrich-api","timestamp":"2025-07-13 07:13:44"}
{"level":"info","message":"🚀 LeadEnrich Pro API server running on port 3001","service":"leadenrich-api","timestamp":"2025-07-13 07:13:44"}
{"level":"info","message":"📖 Environment: development","service":"leadenrich-api","timestamp":"2025-07-13 07:13:44"}
{"level":"info","message":"🌐 API URL: http://localhost:3001","service":"leadenrich-api","timestamp":"2025-07-13 07:13:44"}
